Prisma schema loaded from prisma\schema.prisma.
Error: Prisma schema validation - (get-config wasm)
Error code: P1012
error: The datasource property `url` is no longer supported in schema files. Move connection URLs for Migrate to `prisma.config.ts` and pass either `adapter` for a direct database connection or `accelerateUrl` for Accelerate to the `PrismaClient` constructor. See https://pris.ly/d/config-datasource and https://pris.ly/d/prisma7-client-config
  -->  prisma\schema.prisma:7
   | 
 6 |   provider = "postgresql"
 7 |   url      = env("DATABASE_URL")
   | 
System.Management.Automation.RemoteException
System.Management.Automation.RemoteException
error: The datasource property `directUrl` is no longer supported in schema files. Move connection URLs to `prisma.config.ts`. See https://pris.ly/d/config-datasource
  -->  prisma\schema.prisma:8
   | 
 7 |   url      = env("DATABASE_URL")
 8 |   directUrl = env("DIRECT_URL")
   | 
System.Management.Automation.RemoteException
Validation Error Count: 2
[Context: getConfig]
System.Management.Automation.RemoteException
Prisma CLI Version : 7.2.0
